2021-12-30 22:18:00 : ⚠️ [Error 500 : Internal Server Error] There is not class assiociate to the current root "\App\Controllers\LoginAction" (on the file ../Base/Router line 190)
2021-12-30 22:18:19 : ⚠️ [Error 500 : Internal Server Error] There is not class assiociate to the current root "\App\Controllers\LoginAction" (on the file ../Base/Router line 190)
2021-12-30 23:49:15 : ⚠️ [Error 500 : Internal Server Error] You are trying to load an invalid config "App" (on the file ../Server/Config line 58)
2022-01-01 20:39:44 : ⚠️ [Error 500 : Internal Server Error] Compilation of the html template failed (on the file ../Base/Viewer line 153)
2022-01-01 20:39:58 : ⚠️ [Error 500 : Internal Server Error] Compilation of the html template failed (on the file ../Base/Viewer line 153)
2022-01-01 20:40:13 : ⚠️ [Error 500 : Internal Server Error] Compilation of the html template failed (on the file ../Base/Viewer line 153)
2022-01-01 20:42:05 : ⚠️ [Error 500 : Internal Server Error] Compilation of the html template failed (on the file ../Base/Viewer line 156)
2022-01-01 20:44:16 : ⚠️ [Error 500 : Internal Server Error] Compilation of the html template failed (on the file ../Base/Viewer line 156)
2022-01-01 20:44:53 : ⚠️ [Error 500 : Internal Server Error] Compilation of the html template failed (on the file ../Base/Viewer line 156)
2022-01-01 20:44:55 : ⚠️ [Error 500 : Internal Server Error] Compilation of the html template failed (on the file ../Base/Viewer line 156)
2022-01-01 20:45:29 : ⚠️ [Error 500 : Internal Server Error] Compilation of the html template failed (on the file ../Base/Viewer line 156)
2022-01-01 20:46:40 : ⚠️ [Error 500 : Internal Server Error] Compilation of the html template failed (on the file ../Base/Viewer line 156)
2022-01-01 20:46:40 : ⚠️ [Error 500 : Internal Server Error] Compilation of the html template failed (on the file ../Base/Viewer line 156)
2022-01-01 20:46:48 : ⚠️ [Error 500 : Internal Server Error] Compilation of the html template failed (on the file ../Base/Viewer line 156)
2022-01-01 20:46:48 : ⚠️ [Error 500 : Internal Server Error] Compilation of the html template failed (on the file ../Base/Viewer line 156)
2022-01-01 20:54:06 : ⚠️ [Error 500 : Internal Server Error] Compilation of the html template failed (on the file ../Base/Viewer line 156)
2022-01-01 20:54:26 : ⚠️ [Error 500 : Internal Server Error] Compilation of the html template failed (on the file ../Base/Viewer line 156)
2022-01-01 20:56:09 : ⚠️ [Error 500 : Internal Server Error] Compilation of the html template failed (on the file ../Base/Viewer line 156)
2022-01-01 20:56:22 : ⚠️ [Error 500 : Internal Server Error] Compilation of the html template failed (on the file ../Base/Viewer line 156)
2022-01-01 21:51:34 : ⚠️ [Error 500 : Internal Server Error] There is not class assiociate to the current root "\App\Controllers\LogoAction" (on the file ../Base/Router line 190)
2022-01-01 21:51:35 : ⚠️ [Error 500 : Internal Server Error] There is not class assiociate to the current root "\App\Controllers\LogoAction" (on the file ../Base/Router line 190)
2022-01-01 21:54:16 : ⚠️ [Error 500 : Internal Server Error] There is not class assiociate to the current root "\App\Controllers\LogoAction" (on the file ../Base/Router line 199)
2022-01-01 21:54:16 : ⚠️ [Error 500 : Internal Server Error] There is not class assiociate to the current root "\App\Controllers\LogoAction" (on the file ../Base/Router line 199)
2022-01-01 22:01:28 : ⚠️ [Error 500 : Internal Server Error] No constructor associate to "Data" (on the file ../Base/Viewer line 109)
2022-01-01 22:02:02 : ⚠️ [Error 500 : Internal Server Error] No constructor associate to "Data" (on the file ../Base/Viewer line 109)
2022-01-01 22:03:03 : ⚠️ [Error 500 : Internal Server Error] No constructor associate to "Data" (on the file ../Base/Viewer line 109)
2022-01-01 22:03:43 : ⚠️ [Error 500 : Internal Server Error] No constructor associate to "Data" (on the file ../Base/Viewer line 109)
2022-01-01 22:03:44 : ⚠️ [Error 500 : Internal Server Error] No constructor associate to "Data" (on the file ../Base/Viewer line 109)
2022-01-01 22:03:51 : ⚠️ [Error 500 : Internal Server Error] No constructor associate to "Data" (on the file ../Base/Viewer line 109)
2022-01-01 22:04:58 : ⚠️ [Error 500 : Internal Server Error] No constructor associate to "Data" (on the file ../Base/Viewer line 109)
2022-01-01 22:05:06 : ⚠️ [Error 500 : Internal Server Error] No constructor associate to "Data" (on the file ../Base/Viewer line 109)
2022-01-01 22:05:07 : ⚠️ [Error 500 : Internal Server Error] No constructor associate to "Data" (on the file ../Base/Viewer line 109)
2022-01-01 22:05:08 : ⚠️ [Error 500 : Internal Server Error] No constructor associate to "Data" (on the file ../Base/Viewer line 109)
2022-01-01 22:05:13 : ⚠️ [Error 500 : Internal Server Error] No constructor associate to "Data" (on the file ../Base/Viewer line 109)
2022-01-01 22:11:51 : ⚠️ [Error 500 : Internal Server Error] No constructor associate to "Data" (on the file ../Base/Viewer line 109)
2022-01-01 22:12:59 : ⚠️ [Error 500 : Internal Server Error] No constructor associate to "Data" (on the file ../Base/Viewer line 109)
2022-01-01 22:15:26 : ⚠️ [Error 500 : Internal Server Error] There is not class assiociate to the current root "\App\Controllers\LogoAction" (on the file ../Base/Router line 199)
2022-01-01 22:15:26 : ⚠️ [Error 500 : Internal Server Error] There is not class assiociate to the current root "\App\Controllers\LogoAction" (on the file ../Base/Router line 199)
2022-01-01 22:17:58 : ⚠️ [Error 500 : Internal Server Error] No constructor associate to "Data" (on the file ../Base/Viewer line 109)
2022-01-01 22:17:59 : ⚠️ [Error 500 : Internal Server Error] No constructor associate to "Data" (on the file ../Base/Viewer line 109)
2022-01-01 22:18:24 : ⚠️ [Error 500 : Internal Server Error] No constructor associate to "Data" (on the file ../Base/Viewer line 109)
2022-01-01 22:35:49 : ⚠️ [Error 500 : Internal Server Error] No constructor associate to "Data" (on the file ../Base/Viewer line 109)
2022-01-01 22:36:10 : ⚠️ [Error 500 : Internal Server Error] No constructor associate to "Data" (on the file ../Base/Viewer line 109)
2022-01-01 23:51:46 : ⚠️ [Error 404 : Not Found] No file finds for the current request... Sorry (on the file ../Base/Model line 421)
2022-01-01 23:54:32 : ⚠️ [Error 404 : Not Found] No file finds for the current request... Sorry (on the file ../Base/Model line 421)
2022-01-01 23:54:59 : ⚠️ [Error 404 : Not Found] No file finds for the current request... Sorry (on the file ../Base/Model line 421)
2022-01-01 23:56:44 : ⚠️ [Error 404 : Not Found] No file finds for the current request... Sorry (on the file ../Base/Model line 421)
2022-01-01 23:56:46 : ⚠️ [Error 404 : Not Found] No file finds for the current request... Sorry (on the file ../Base/Model line 421)
2022-01-01 23:58:40 : ⚠️ [Error 404 : Not Found] No file finds for the current request... Sorry (on the file ../Base/Model line 421)
2022-01-01 23:58:41 : ⚠️ [Error 404 : Not Found] No file finds for the current request... Sorry (on the file ../Base/Model line 421)
2022-01-01 23:58:42 : ⚠️ [Error 404 : Not Found] No file finds for the current request... Sorry (on the file ../Base/Model line 421)
2022-01-01 23:59:44 : ⚠️ [Error 404 : Not Found] No file finds for the current request... Sorry (on the file ../Base/Model line 421)
2022-01-02 00:00:01 : ⚠️ [Error 404 : Not Found] No file finds for the current request... Sorry (on the file ../Base/Model line 421)
2022-01-02 00:00:02 : ⚠️ [Error 404 : Not Found] No file finds for the current request... Sorry (on the file ../Base/Model line 421)
2022-01-02 00:00:03 : ⚠️ [Error 404 : Not Found] No file finds for the current request... Sorry (on the file ../Base/Model line 421)
2022-01-02 00:00:03 : ⚠️ [Error 404 : Not Found] No file finds for the current request... Sorry (on the file ../Base/Model line 421)
2022-01-02 00:00:04 : ⚠️ [Error 404 : Not Found] No file finds for the current request... Sorry (on the file ../Base/Model line 421)
2022-01-02 00:00:04 : ⚠️ [Error 404 : Not Found] No file finds for the current request... Sorry (on the file ../Base/Model line 421)
2022-01-02 00:00:04 : ⚠️ [Error 404 : Not Found] No file finds for the current request... Sorry (on the file ../Base/Model line 421)
2022-01-02 00:00:04 : ⚠️ [Error 404 : Not Found] No file finds for the current request... Sorry (on the file ../Base/Model line 421)
2022-01-02 00:00:04 : ⚠️ [Error 404 : Not Found] No file finds for the current request... Sorry (on the file ../Base/Model line 421)
2022-01-02 00:00:41 : ⚠️ [Error 404 : Not Found] No file finds for the current request... Sorry (on the file ../Base/Model line 421)
